2024-05-27 19:30:17.543  INFO 12256 --- [main] ru.Main                                  : Starting Main using Java 17.0.1 on DESKTOP-BIBSRKQ with PID 12256 (D:\Desk\Rep\DiplomBaka\DipvLom\project\server\build\classes\java\main started by DonJun in D:\Desk\Rep\DiplomBaka\DipvLom\project\server)
2024-05-27 19:30:17.559  INFO 12256 --- [main] ru.Main                                  : No active profile set, falling back to 1 default profile: "default"
2024-05-27 19:30:21.240  INFO 12256 --- [main] .s.d.r.c.RepositoryConfigurationDelegate : Bootstrapping Spring Data JPA repositories in DEFAULT mode.
2024-05-27 19:30:21.653  INFO 12256 --- [main] .s.d.r.c.RepositoryConfigurationDelegate : Finished Spring Data repository scanning in 381 ms. Found 13 JPA repository interfaces.
2024-05-27 19:30:26.648  INFO 12256 --- [main] o.s.b.w.embedded.tomcat.TomcatWebServer  : Tomcat initialized with port(s): 8080 (http)
2024-05-27 19:30:26.695  INFO 12256 --- [main] o.apache.catalina.core.StandardService   : Starting service [Tomcat]
2024-05-27 19:30:26.696  INFO 12256 --- [main] org.apache.catalina.core.StandardEngine  : Starting Servlet engine: [Apache Tomcat/9.0.79]
2024-05-27 19:30:27.729  INFO 12256 --- [main] o.a.c.c.C.[Tomcat].[localhost].[/]       : Initializing Spring embedded WebApplicationContext
2024-05-27 19:30:27.731  INFO 12256 --- [main] w.s.c.ServletWebServerApplicationContext : Root WebApplicationContext: initialization completed in 9873 ms
2024-05-27 19:30:27.967  INFO 12256 --- [main] com.zaxxer.hikari.HikariDataSource       : HikariPool-1 - Starting...
2024-05-27 19:30:29.352  INFO 12256 --- [main] com.zaxxer.hikari.HikariDataSource       : HikariPool-1 - Start completed.
2024-05-27 19:30:29.405  INFO 12256 --- [main] o.s.b.a.h2.H2ConsoleAutoConfiguration    : H2 console available at '/console_db/'. Database available at 'jdbc:h2:~/db_test'
2024-05-27 19:30:31.719  INFO 12256 --- [main] o.hibernate.jpa.internal.util.LogHelper  : HHH000204: Processing PersistenceUnitInfo [name: default]
2024-05-27 19:30:32.055  INFO 12256 --- [main] org.hibernate.Version                    : HHH000412: Hibernate ORM core version 5.6.15.Final
2024-05-27 19:30:32.894  INFO 12256 --- [main] o.hibernate.annotations.common.Version   : HCANN000001: Hibernate Commons Annotations {5.1.2.Final}
2024-05-27 19:30:33.479  INFO 12256 --- [main] org.hibernate.dialect.Dialect            : HHH000400: Using dialect: org.hibernate.dialect.H2Dialect
2024-05-27 19:30:37.468  INFO 12256 --- [main] o.h.e.t.j.p.i.JtaPlatformInitiator       : HHH000490: Using JtaPlatform implementation: [org.hibernate.engine.transaction.jta.platform.internal.NoJtaPlatform]
2024-05-27 19:30:37.505  INFO 12256 --- [main] j.LocalContainerEntityManagerFactoryBean : Initialized JPA EntityManagerFactory for persistence unit 'default'
2024-05-27 19:30:52.897  WARN 12256 --- [main] JpaBaseConfiguration$JpaWebConfiguration : spring.jpa.open-in-view is enabled by default. Therefore, database queries may be performed during view rendering. Explicitly configure spring.jpa.open-in-view to disable this warning
2024-05-27 19:30:53.411  INFO 12256 --- [main] o.s.s.web.DefaultSecurityFilterChain     : Will secure any request with [org.springframework.security.web.session.DisableEncodeUrlFilter@571bce3, org.springframework.security.web.context.request.async.WebAsyncManagerIntegrationFilter@3ac662ba, org.springframework.security.web.context.SecurityContextPersistenceFilter@3bd9e492, org.springframework.security.web.header.HeaderWriterFilter@48673a8f, org.springframework.web.filter.CorsFilter@6acdbe95, ru.security.AuthenticationFilter@109de896, org.springframework.security.web.savedrequest.RequestCacheAwareFilter@4a13bf38, org.springframework.security.web.servletapi.SecurityContextHolderAwareRequestFilter@e774bb3, org.springframework.security.web.authentication.AnonymousAuthenticationFilter@1803d8c2, org.springframework.security.web.session.SessionManagementFilter@52602cb2, org.springframework.security.web.access.ExceptionTranslationFilter@11619ade, org.springframework.security.web.access.intercept.FilterSecurityInterceptor@51fdceb1]
2024-05-27 19:30:53.491  WARN 12256 --- [main] o.s.security.core.userdetails.User       : User.withDefaultPasswordEncoder() is considered unsafe for production and is only intended for sample applications.
2024-05-27 19:30:54.855  INFO 12256 --- [main] o.s.b.w.embedded.tomcat.TomcatWebServer  : Tomcat started on port(s): 8080 (http) with context path ''
2024-05-27 19:30:54.891  INFO 12256 --- [main] ru.Main                                  : Started Main in 39.675 seconds (JVM running for 41.829)
2024-05-27 19:31:28.037  INFO 3028 --- [main] ru.Main                                  : Starting Main using Java 17.0.1 on DESKTOP-BIBSRKQ with PID 3028 (D:\Desk\Rep\DiplomBaka\DipvLom\project\server\build\classes\java\main started by DonJun in D:\Desk\Rep\DiplomBaka\DipvLom\project\server)
2024-05-27 19:31:28.069  INFO 3028 --- [main] ru.Main                                  : No active profile set, falling back to 1 default profile: "default"
2024-05-27 19:31:31.448  INFO 3028 --- [main] .s.d.r.c.RepositoryConfigurationDelegate : Bootstrapping Spring Data JPA repositories in DEFAULT mode.
2024-05-27 19:31:31.890  INFO 3028 --- [main] .s.d.r.c.RepositoryConfigurationDelegate : Finished Spring Data repository scanning in 405 ms. Found 13 JPA repository interfaces.
2024-05-27 19:31:35.622  INFO 3028 --- [main] o.s.b.w.embedded.tomcat.TomcatWebServer  : Tomcat initialized with port(s): 8080 (http)
2024-05-27 19:31:35.666  INFO 3028 --- [main] o.apache.catalina.core.StandardService   : Starting service [Tomcat]
2024-05-27 19:31:35.667  INFO 3028 --- [main] org.apache.catalina.core.StandardEngine  : Starting Servlet engine: [Apache Tomcat/9.0.79]
2024-05-27 19:31:36.444  INFO 3028 --- [main] o.a.c.c.C.[Tomcat].[localhost].[/]       : Initializing Spring embedded WebApplicationContext
2024-05-27 19:31:36.446  INFO 3028 --- [main] w.s.c.ServletWebServerApplicationContext : Root WebApplicationContext: initialization completed in 8099 ms
2024-05-27 19:31:36.647  INFO 3028 --- [main] com.zaxxer.hikari.HikariDataSource       : HikariPool-1 - Starting...
2024-05-27 19:31:37.858  INFO 3028 --- [main] com.zaxxer.hikari.HikariDataSource       : HikariPool-1 - Start completed.
2024-05-27 19:31:37.953  INFO 3028 --- [main] o.s.b.a.h2.H2ConsoleAutoConfiguration    : H2 console available at '/console_db/'. Database available at 'jdbc:h2:~/db_test'
2024-05-27 19:31:39.173  INFO 3028 --- [main] o.hibernate.jpa.internal.util.LogHelper  : HHH000204: Processing PersistenceUnitInfo [name: default]
2024-05-27 19:31:39.470  INFO 3028 --- [main] org.hibernate.Version                    : HHH000412: Hibernate ORM core version 5.6.15.Final
2024-05-27 19:31:40.282  INFO 3028 --- [main] o.hibernate.annotations.common.Version   : HCANN000001: Hibernate Commons Annotations {5.1.2.Final}
2024-05-27 19:31:40.808  INFO 3028 --- [main] org.hibernate.dialect.Dialect            : HHH000400: Using dialect: org.hibernate.dialect.H2Dialect
2024-05-27 19:31:44.762  INFO 3028 --- [main] o.h.e.t.j.p.i.JtaPlatformInitiator       : HHH000490: Using JtaPlatform implementation: [org.hibernate.engine.transaction.jta.platform.internal.NoJtaPlatform]
2024-05-27 19:31:44.806  INFO 3028 --- [main] j.LocalContainerEntityManagerFactoryBean : Initialized JPA EntityManagerFactory for persistence unit 'default'
2024-05-27 19:31:59.325  WARN 3028 --- [main] JpaBaseConfiguration$JpaWebConfiguration : spring.jpa.open-in-view is enabled by default. Therefore, database queries may be performed during view rendering. Explicitly configure spring.jpa.open-in-view to disable this warning
2024-05-27 19:31:59.876  INFO 3028 --- [main] o.s.s.web.DefaultSecurityFilterChain     : Will secure any request with [org.springframework.security.web.session.DisableEncodeUrlFilter@3ac5a623, org.springframework.security.web.context.request.async.WebAsyncManagerIntegrationFilter@60c7726b, org.springframework.security.web.context.SecurityContextPersistenceFilter@60c88b78, org.springframework.security.web.header.HeaderWriterFilter@38d19150, org.springframework.web.filter.CorsFilter@69b9a61, ru.security.AuthenticationFilter@bb832f0, org.springframework.security.web.savedrequest.RequestCacheAwareFilter@636ee65a, org.springframework.security.web.servletapi.SecurityContextHolderAwareRequestFilter@4740e12f, org.springframework.security.web.authentication.AnonymousAuthenticationFilter@1cdb691a, org.springframework.security.web.session.SessionManagementFilter@58a632d1, org.springframework.security.web.access.ExceptionTranslationFilter@2dbc453a, org.springframework.security.web.access.intercept.FilterSecurityInterceptor@7c44c38b]
2024-05-27 19:31:59.937  WARN 3028 --- [main] o.s.security.core.userdetails.User       : User.withDefaultPasswordEncoder() is considered unsafe for production and is only intended for sample applications.
2024-05-27 19:32:01.212  INFO 3028 --- [main] o.s.b.w.embedded.tomcat.TomcatWebServer  : Tomcat started on port(s): 8080 (http) with context path ''
2024-05-27 19:32:01.251  INFO 3028 --- [main] ru.Main                                  : Started Main in 35.566 seconds (JVM running for 37.511)
2024-05-27 19:37:12.109  INFO 11852 --- [main] ru.Main                                  : Starting Main using Java 17.0.1 on DESKTOP-BIBSRKQ with PID 11852 (D:\Desk\Rep\DiplomBaka\DipvLom\project\server\build\classes\java\main started by DonJun in D:\Desk\Rep\DiplomBaka\DipvLom\project\server)
2024-05-27 19:37:12.122  INFO 11852 --- [main] ru.Main                                  : No active profile set, falling back to 1 default profile: "default"
2024-05-27 19:37:15.457  INFO 11852 --- [main] .s.d.r.c.RepositoryConfigurationDelegate : Bootstrapping Spring Data JPA repositories in DEFAULT mode.
2024-05-27 19:37:15.931  INFO 11852 --- [main] .s.d.r.c.RepositoryConfigurationDelegate : Finished Spring Data repository scanning in 438 ms. Found 13 JPA repository interfaces.
2024-05-27 19:37:19.409  INFO 11852 --- [main] o.s.b.w.embedded.tomcat.TomcatWebServer  : Tomcat initialized with port(s): 8080 (http)
2024-05-27 19:37:19.452  INFO 11852 --- [main] o.apache.catalina.core.StandardService   : Starting service [Tomcat]
2024-05-27 19:37:19.453  INFO 11852 --- [main] org.apache.catalina.core.StandardEngine  : Starting Servlet engine: [Apache Tomcat/9.0.79]
2024-05-27 19:37:20.143  INFO 11852 --- [main] o.a.c.c.C.[Tomcat].[localhost].[/]       : Initializing Spring embedded WebApplicationContext
2024-05-27 19:37:20.145  INFO 11852 --- [main] w.s.c.ServletWebServerApplicationContext : Root WebApplicationContext: initialization completed in 7770 ms
2024-05-27 19:37:20.346  INFO 11852 --- [main] com.zaxxer.hikari.HikariDataSource       : HikariPool-1 - Starting...
2024-05-27 19:37:21.432  INFO 11852 --- [main] com.zaxxer.hikari.HikariDataSource       : HikariPool-1 - Start completed.
2024-05-27 19:37:21.481  INFO 11852 --- [main] o.s.b.a.h2.H2ConsoleAutoConfiguration    : H2 console available at '/console_db/'. Database available at 'jdbc:h2:~/db_test'
2024-05-27 19:37:22.292  INFO 11852 --- [main] o.hibernate.jpa.internal.util.LogHelper  : HHH000204: Processing PersistenceUnitInfo [name: default]
2024-05-27 19:37:22.586  INFO 11852 --- [main] org.hibernate.Version                    : HHH000412: Hibernate ORM core version 5.6.15.Final
2024-05-27 19:37:23.406  INFO 11852 --- [main] o.hibernate.annotations.common.Version   : HCANN000001: Hibernate Commons Annotations {5.1.2.Final}
2024-05-27 19:37:23.936  INFO 11852 --- [main] org.hibernate.dialect.Dialect            : HHH000400: Using dialect: org.hibernate.dialect.H2Dialect
2024-05-27 19:37:28.196  INFO 11852 --- [main] o.h.e.t.j.p.i.JtaPlatformInitiator       : HHH000490: Using JtaPlatform implementation: [org.hibernate.engine.transaction.jta.platform.internal.NoJtaPlatform]
2024-05-27 19:37:28.231  INFO 11852 --- [main] j.LocalContainerEntityManagerFactoryBean : Initialized JPA EntityManagerFactory for persistence unit 'default'
2024-05-27 19:37:40.235  WARN 11852 --- [main] JpaBaseConfiguration$JpaWebConfiguration : spring.jpa.open-in-view is enabled by default. Therefore, database queries may be performed during view rendering. Explicitly configure spring.jpa.open-in-view to disable this warning
2024-05-27 19:37:40.908  INFO 11852 --- [main] o.s.s.web.DefaultSecurityFilterChain     : Will secure any request with [org.springframework.security.web.session.DisableEncodeUrlFilter@4f0c396a, org.springframework.security.web.context.request.async.WebAsyncManagerIntegrationFilter@26382141, org.springframework.security.web.context.SecurityContextPersistenceFilter@28a4d87f, org.springframework.security.web.header.HeaderWriterFilter@f0ced73, org.springframework.web.filter.CorsFilter@5659f3b4, ru.security.AuthenticationFilter@9d112d2, org.springframework.security.web.savedrequest.RequestCacheAwareFilter@2de0f3e3, org.springframework.security.web.servletapi.SecurityContextHolderAwareRequestFilter@21838ea3, org.springframework.security.web.authentication.AnonymousAuthenticationFilter@27b8adeb, org.springframework.security.web.session.SessionManagementFilter@3e94fc76, org.springframework.security.web.access.ExceptionTranslationFilter@5db9952b, org.springframework.security.web.access.intercept.FilterSecurityInterceptor@2639ec96]
2024-05-27 19:37:40.958  WARN 11852 --- [main] o.s.security.core.userdetails.User       : User.withDefaultPasswordEncoder() is considered unsafe for production and is only intended for sample applications.
2024-05-27 19:37:42.145  INFO 11852 --- [main] o.s.b.w.embedded.tomcat.TomcatWebServer  : Tomcat started on port(s): 8080 (http) with context path ''
2024-05-27 19:37:42.179  INFO 11852 --- [main] ru.Main                                  : Started Main in 32.532 seconds (JVM running for 34.877)
2024-05-27 19:41:29.849  INFO 7392 --- [main] ru.Main                                  : Starting Main using Java 17.0.1 on DESKTOP-BIBSRKQ with PID 7392 (D:\Desk\Rep\DiplomBaka\DipvLom\project\server\build\classes\java\main started by DonJun in D:\Desk\Rep\DiplomBaka\DipvLom\project\server)
2024-05-27 19:41:29.899  INFO 7392 --- [main] ru.Main                                  : No active profile set, falling back to 1 default profile: "default"
