[INFO ] 15-07-2024 04:49:57 [main] ru.Main - Starting Main using Java 21.0.3 on DESKTOP-BIBSRKQ with PID 5364 (D:\Desk\Rep\DiplomBaka\DipvLom\project\server\build\classes\java\main started by DonJun in D:\Desk\Rep\DiplomBaka\DipvLom\project\server)
[DEBUG] 15-07-2024 04:49:57 [main] ru.Main - Running with Spring Boot v2.7.15, Spring v5.3.29
[INFO ] 15-07-2024 04:49:57 [main] ru.Main - No active profile set, falling back to 1 default profile: "default"
[INFO ] 15-07-2024 04:50:01 [main] o.s.d.r.config.RepositoryConfigurationDelegate - Bootstrapping Spring Data JPA repositories in DEFAULT mode.
[INFO ] 15-07-2024 04:50:01 [main] o.s.d.r.config.RepositoryConfigurationDelegate - Finished Spring Data repository scanning in 416 ms. Found 13 JPA repository interfaces.
[INFO ] 15-07-2024 04:50:04 [main] o.s.boot.web.embedded.tomcat.TomcatWebServer - Tomcat initialized with port(s): 8080 (http)
[INFO ] 15-07-2024 04:50:05 [main] o.s.b.w.s.c.ServletWebServerApplicationContext - Root WebApplicationContext: initialization completed in 7188 ms
[INFO ] 15-07-2024 04:50:06 [main] o.s.b.autoconfigure.h2.H2ConsoleAutoConfiguration - H2 console available at '/console_db/'. Database available at 'jdbc:h2:~/db_test'
[INFO ] 15-07-2024 04:50:07 [main] org.hibernate.jpa.internal.util.LogHelper - HHH000204: Processing PersistenceUnitInfo [name: default]
[INFO ] 15-07-2024 04:50:07 [main] org.hibernate.Version - HHH000412: Hibernate ORM core version 5.6.15.Final
[INFO ] 15-07-2024 04:50:08 [main] org.hibernate.annotations.common.Version - HCANN000001: Hibernate Commons Annotations {5.1.2.Final}
[INFO ] 15-07-2024 04:50:08 [main] org.hibernate.dialect.Dialect - HHH000400: Using dialect: org.hibernate.dialect.H2Dialect
[INFO ] 15-07-2024 04:50:12 [main] o.h.e.t.jta.platform.internal.JtaPlatformInitiator - HHH000490: Using JtaPlatform implementation: [org.hibernate.engine.transaction.jta.platform.internal.NoJtaPlatform]
[INFO ] 15-07-2024 04:50:12 [main] o.s.orm.jpa.LocalContainerEntityManagerFactoryBean - Initialized JPA EntityManagerFactory for persistence unit 'default'
[WARN ] 15-07-2024 04:50:26 [main] o.s.b.a.o.j.JpaBaseConfiguration$JpaWebConfiguration - spring.jpa.open-in-view is enabled by default. Therefore, database queries may be performed during view rendering. Explicitly configure spring.jpa.open-in-view to disable this warning
[INFO ] 15-07-2024 04:50:26 [main] o.s.security.web.DefaultSecurityFilterChain - Will secure any request with [org.springframework.security.web.session.DisableEncodeUrlFilter@7e4e6bdf, org.springframework.security.web.context.request.async.WebAsyncManagerIntegrationFilter@7ce579f3, org.springframework.security.web.context.SecurityContextPersistenceFilter@2adc8e41, org.springframework.security.web.header.HeaderWriterFilter@121a1a75, org.springframework.web.filter.CorsFilter@1033751, ru.security.AuthenticationFilter@73b2e74a, org.springframework.security.web.savedrequest.RequestCacheAwareFilter@790446ea, org.springframework.security.web.servletapi.SecurityContextHolderAwareRequestFilter@357d787b, org.springframework.security.web.authentication.AnonymousAuthenticationFilter@7eaf7a70, org.springframework.security.web.session.SessionManagementFilter@3f51ee4f, org.springframework.security.web.access.ExceptionTranslationFilter@230e2893, org.springframework.security.web.access.intercept.FilterSecurityInterceptor@5b4b3c51]
[WARN ] 15-07-2024 04:50:27 [main] org.springframework.security.core.userdetails.User - User.withDefaultPasswordEncoder() is considered unsafe for production and is only intended for sample applications.
[INFO ] 15-07-2024 04:50:28 [main] o.s.boot.web.embedded.tomcat.TomcatWebServer - Tomcat started on port(s): 8080 (http) with context path ''
[INFO ] 15-07-2024 04:50:28 [main] ru.Main - Started Main in 34.108 seconds (JVM running for 36.477)
[INFO ] 15-07-2024 04:58:57 [main] ru.Main - Starting Main using Java 21.0.3 on DESKTOP-BIBSRKQ with PID 6400 (D:\Desk\Rep\DiplomBaka\DipvLom\project\server\build\classes\java\main started by DonJun in D:\Desk\Rep\DiplomBaka\DipvLom\project\server)
[DEBUG] 15-07-2024 04:58:57 [main] ru.Main - Running with Spring Boot v2.7.15, Spring v5.3.29
[INFO ] 15-07-2024 04:58:57 [main] ru.Main - No active profile set, falling back to 1 default profile: "default"
[INFO ] 15-07-2024 04:58:59 [main] o.s.d.r.config.RepositoryConfigurationDelegate - Bootstrapping Spring Data JPA repositories in DEFAULT mode.
[INFO ] 15-07-2024 04:58:59 [main] o.s.d.r.config.RepositoryConfigurationDelegate - Finished Spring Data repository scanning in 319 ms. Found 13 JPA repository interfaces.
[INFO ] 15-07-2024 04:59:02 [main] o.s.boot.web.embedded.tomcat.TomcatWebServer - Tomcat initialized with port(s): 8080 (http)
[INFO ] 15-07-2024 04:59:03 [main] o.s.b.w.s.c.ServletWebServerApplicationContext - Root WebApplicationContext: initialization completed in 5662 ms
[INFO ] 15-07-2024 04:59:04 [main] o.s.b.autoconfigure.h2.H2ConsoleAutoConfiguration - H2 console available at '/console_db/'. Database available at 'jdbc:h2:~/db_test'
[INFO ] 15-07-2024 04:59:04 [main] org.hibernate.jpa.internal.util.LogHelper - HHH000204: Processing PersistenceUnitInfo [name: default]
[INFO ] 15-07-2024 04:59:05 [main] org.hibernate.Version - HHH000412: Hibernate ORM core version 5.6.15.Final
[INFO ] 15-07-2024 04:59:05 [main] org.hibernate.annotations.common.Version - HCANN000001: Hibernate Commons Annotations {5.1.2.Final}
[INFO ] 15-07-2024 04:59:06 [main] org.hibernate.dialect.Dialect - HHH000400: Using dialect: org.hibernate.dialect.H2Dialect
[INFO ] 15-07-2024 04:59:09 [main] o.h.e.t.jta.platform.internal.JtaPlatformInitiator - HHH000490: Using JtaPlatform implementation: [org.hibernate.engine.transaction.jta.platform.internal.NoJtaPlatform]
[INFO ] 15-07-2024 04:59:09 [main] o.s.orm.jpa.LocalContainerEntityManagerFactoryBean - Initialized JPA EntityManagerFactory for persistence unit 'default'
[WARN ] 15-07-2024 04:59:20 [main] o.s.b.a.o.j.JpaBaseConfiguration$JpaWebConfiguration - spring.jpa.open-in-view is enabled by default. Therefore, database queries may be performed during view rendering. Explicitly configure spring.jpa.open-in-view to disable this warning
[INFO ] 15-07-2024 04:59:20 [main] o.s.security.web.DefaultSecurityFilterChain - Will secure any request with [org.springframework.security.web.session.DisableEncodeUrlFilter@3cdfbf7a, org.springframework.security.web.context.request.async.WebAsyncManagerIntegrationFilter@7fafb60, org.springframework.security.web.context.SecurityContextPersistenceFilter@12bc9995, org.springframework.security.web.header.HeaderWriterFilter@47a532d9, org.springframework.web.filter.CorsFilter@53d161a5, ru.security.AuthenticationFilter@17719abb, org.springframework.security.web.savedrequest.RequestCacheAwareFilter@604201a0, org.springframework.security.web.servletapi.SecurityContextHolderAwareRequestFilter@205fc00e, org.springframework.security.web.authentication.AnonymousAuthenticationFilter@5614c340, org.springframework.security.web.session.SessionManagementFilter@409e4611, org.springframework.security.web.access.ExceptionTranslationFilter@2c8e3d8a, org.springframework.security.web.access.intercept.FilterSecurityInterceptor@3a702dcc]
[WARN ] 15-07-2024 04:59:20 [main] org.springframework.security.core.userdetails.User - User.withDefaultPasswordEncoder() is considered unsafe for production and is only intended for sample applications.
[INFO ] 15-07-2024 04:59:21 [main] o.s.boot.web.embedded.tomcat.TomcatWebServer - Tomcat started on port(s): 8080 (http) with context path ''
[INFO ] 15-07-2024 04:59:21 [main] ru.Main - Started Main in 27.012 seconds (JVM running for 28.807)
[INFO ] 15-07-2024 05:09:09 [main] ru.Main - Starting Main using Java 21.0.3 on DESKTOP-BIBSRKQ with PID 1424 (D:\Desk\Rep\DiplomBaka\DipvLom\project\server\build\classes\java\main started by DonJun in D:\Desk\Rep\DiplomBaka\DipvLom\project\server)
[DEBUG] 15-07-2024 05:09:09 [main] ru.Main - Running with Spring Boot v2.7.15, Spring v5.3.29
[INFO ] 15-07-2024 05:09:09 [main] ru.Main - No active profile set, falling back to 1 default profile: "default"
[INFO ] 15-07-2024 05:09:12 [main] o.s.d.r.config.RepositoryConfigurationDelegate - Bootstrapping Spring Data JPA repositories in DEFAULT mode.
[INFO ] 15-07-2024 05:09:12 [main] o.s.d.r.config.RepositoryConfigurationDelegate - Finished Spring Data repository scanning in 351 ms. Found 13 JPA repository interfaces.
[INFO ] 15-07-2024 05:09:15 [main] o.s.boot.web.embedded.tomcat.TomcatWebServer - Tomcat initialized with port(s): 8080 (http)
[INFO ] 15-07-2024 05:09:15 [main] o.s.b.w.s.c.ServletWebServerApplicationContext - Root WebApplicationContext: initialization completed in 6219 ms
[INFO ] 15-07-2024 05:09:16 [main] o.s.b.autoconfigure.h2.H2ConsoleAutoConfiguration - H2 console available at '/console_db/'. Database available at 'jdbc:h2:~/db_test'
[INFO ] 15-07-2024 05:09:17 [main] org.hibernate.jpa.internal.util.LogHelper - HHH000204: Processing PersistenceUnitInfo [name: default]
[INFO ] 15-07-2024 05:09:17 [main] org.hibernate.Version - HHH000412: Hibernate ORM core version 5.6.15.Final
[INFO ] 15-07-2024 05:09:18 [main] org.hibernate.annotations.common.Version - HCANN000001: Hibernate Commons Annotations {5.1.2.Final}
[INFO ] 15-07-2024 05:09:18 [main] org.hibernate.dialect.Dialect - HHH000400: Using dialect: org.hibernate.dialect.H2Dialect
[INFO ] 15-07-2024 05:09:22 [main] o.h.e.t.jta.platform.internal.JtaPlatformInitiator - HHH000490: Using JtaPlatform implementation: [org.hibernate.engine.transaction.jta.platform.internal.NoJtaPlatform]
[INFO ] 15-07-2024 05:09:22 [main] o.s.orm.jpa.LocalContainerEntityManagerFactoryBean - Initialized JPA EntityManagerFactory for persistence unit 'default'
[WARN ] 15-07-2024 05:09:32 [main] o.s.b.a.o.j.JpaBaseConfiguration$JpaWebConfiguration - spring.jpa.open-in-view is enabled by default. Therefore, database queries may be performed during view rendering. Explicitly configure spring.jpa.open-in-view to disable this warning
[INFO ] 15-07-2024 05:09:33 [main] o.s.security.web.DefaultSecurityFilterChain - Will secure any request with [org.springframework.security.web.session.DisableEncodeUrlFilter@6efa59d6, org.springframework.security.web.context.request.async.WebAsyncManagerIntegrationFilter@6720c88b, org.springframework.security.web.context.SecurityContextPersistenceFilter@410f8fd3, org.springframework.security.web.header.HeaderWriterFilter@57b9ccc3, org.springframework.web.filter.CorsFilter@a442038, ru.security.AuthenticationFilter@4cf9fa3d, org.springframework.security.web.savedrequest.RequestCacheAwareFilter@379c38eb, org.springframework.security.web.servletapi.SecurityContextHolderAwareRequestFilter@6c2e0e44, org.springframework.security.web.authentication.AnonymousAuthenticationFilter@70713e9d, org.springframework.security.web.session.SessionManagementFilter@8119d43, org.springframework.security.web.access.ExceptionTranslationFilter@4230d4f, org.springframework.security.web.access.intercept.FilterSecurityInterceptor@4469a74d]
[WARN ] 15-07-2024 05:09:33 [main] org.springframework.security.core.userdetails.User - User.withDefaultPasswordEncoder() is considered unsafe for production and is only intended for sample applications.
[INFO ] 15-07-2024 05:09:34 [main] o.s.boot.web.embedded.tomcat.TomcatWebServer - Tomcat started on port(s): 8080 (http) with context path ''
[INFO ] 15-07-2024 05:09:34 [main] ru.Main - Started Main in 27.21 seconds (JVM running for 29.017)
[INFO ] 15-07-2024 05:10:15 [main] ru.Main - Starting Main using Java 21.0.3 on DESKTOP-BIBSRKQ with PID 7204 (D:\Desk\Rep\DiplomBaka\DipvLom\project\server\build\classes\java\main started by DonJun in D:\Desk\Rep\DiplomBaka\DipvLom\project\server)
[DEBUG] 15-07-2024 05:10:15 [main] ru.Main - Running with Spring Boot v2.7.15, Spring v5.3.29
[INFO ] 15-07-2024 05:10:15 [main] ru.Main - No active profile set, falling back to 1 default profile: "default"
[INFO ] 15-07-2024 05:10:17 [main] o.s.d.r.config.RepositoryConfigurationDelegate - Bootstrapping Spring Data JPA repositories in DEFAULT mode.
[INFO ] 15-07-2024 05:10:18 [main] o.s.d.r.config.RepositoryConfigurationDelegate - Finished Spring Data repository scanning in 331 ms. Found 13 JPA repository interfaces.
[INFO ] 15-07-2024 05:10:20 [main] o.s.boot.web.embedded.tomcat.TomcatWebServer - Tomcat initialized with port(s): 8080 (http)
[INFO ] 15-07-2024 05:10:20 [main] o.s.b.w.s.c.ServletWebServerApplicationContext - Root WebApplicationContext: initialization completed in 5551 ms
[INFO ] 15-07-2024 05:10:22 [main] o.s.b.autoconfigure.h2.H2ConsoleAutoConfiguration - H2 console available at '/console_db/'. Database available at 'jdbc:h2:~/db_test'
[INFO ] 15-07-2024 05:10:22 [main] org.hibernate.jpa.internal.util.LogHelper - HHH000204: Processing PersistenceUnitInfo [name: default]
[INFO ] 15-07-2024 05:10:22 [main] org.hibernate.Version - HHH000412: Hibernate ORM core version 5.6.15.Final
[INFO ] 15-07-2024 05:10:23 [main] org.hibernate.annotations.common.Version - HCANN000001: Hibernate Commons Annotations {5.1.2.Final}
[INFO ] 15-07-2024 05:10:24 [main] org.hibernate.dialect.Dialect - HHH000400: Using dialect: org.hibernate.dialect.H2Dialect
[INFO ] 15-07-2024 05:10:27 [main] o.h.e.t.jta.platform.internal.JtaPlatformInitiator - HHH000490: Using JtaPlatform implementation: [org.hibernate.engine.transaction.jta.platform.internal.NoJtaPlatform]
[INFO ] 15-07-2024 05:10:27 [main] o.s.orm.jpa.LocalContainerEntityManagerFactoryBean - Initialized JPA EntityManagerFactory for persistence unit 'default'
[WARN ] 15-07-2024 05:10:37 [main] o.s.b.a.o.j.JpaBaseConfiguration$JpaWebConfiguration - spring.jpa.open-in-view is enabled by default. Therefore, database queries may be performed during view rendering. Explicitly configure spring.jpa.open-in-view to disable this warning
[INFO ] 15-07-2024 05:10:38 [main] o.s.security.web.DefaultSecurityFilterChain - Will secure any request with [org.springframework.security.web.session.DisableEncodeUrlFilter@2321035, org.springframework.security.web.context.request.async.WebAsyncManagerIntegrationFilter@751c8972, org.springframework.security.web.context.SecurityContextPersistenceFilter@35e55526, org.springframework.security.web.header.HeaderWriterFilter@7c57c200, org.springframework.web.filter.CorsFilter@fe15694, ru.security.AuthenticationFilter@5ca3308c, org.springframework.security.web.savedrequest.RequestCacheAwareFilter@703b55db, org.springframework.security.web.servletapi.SecurityContextHolderAwareRequestFilter@562c23ca, org.springframework.security.web.authentication.AnonymousAuthenticationFilter@4e023095, org.springframework.security.web.session.SessionManagementFilter@35b7156f, org.springframework.security.web.access.ExceptionTranslationFilter@501f21fe, org.springframework.security.web.access.intercept.FilterSecurityInterceptor@291bd851]
[WARN ] 15-07-2024 05:10:38 [main] org.springframework.security.core.userdetails.User - User.withDefaultPasswordEncoder() is considered unsafe for production and is only intended for sample applications.
[INFO ] 15-07-2024 05:10:39 [main] o.s.boot.web.embedded.tomcat.TomcatWebServer - Tomcat started on port(s): 8080 (http) with context path ''
[INFO ] 15-07-2024 05:10:39 [main] ru.Main - Started Main in 26.278 seconds (JVM running for 28.066)
[INFO ] 15-07-2024 05:18:43 [main] ru.Main - Starting Main using Java 21.0.3 on DESKTOP-BIBSRKQ with PID 4224 (D:\Desk\Rep\DiplomBaka\DipvLom\project\server\build\classes\java\main started by DonJun in D:\Desk\Rep\DiplomBaka\DipvLom\project\server)
[DEBUG] 15-07-2024 05:18:43 [main] ru.Main - Running with Spring Boot v2.7.15, Spring v5.3.29
[INFO ] 15-07-2024 05:18:43 [main] ru.Main - No active profile set, falling back to 1 default profile: "default"
[INFO ] 15-07-2024 05:18:46 [main] o.s.d.r.config.RepositoryConfigurationDelegate - Bootstrapping Spring Data JPA repositories in DEFAULT mode.
[INFO ] 15-07-2024 05:18:46 [main] o.s.d.r.config.RepositoryConfigurationDelegate - Finished Spring Data repository scanning in 370 ms. Found 13 JPA repository interfaces.
[INFO ] 15-07-2024 05:18:49 [main] o.s.boot.web.embedded.tomcat.TomcatWebServer - Tomcat initialized with port(s): 8080 (http)
[INFO ] 15-07-2024 05:18:49 [main] o.s.b.w.s.c.ServletWebServerApplicationContext - Root WebApplicationContext: initialization completed in 6209 ms
[INFO ] 15-07-2024 05:18:51 [main] o.s.b.autoconfigure.h2.H2ConsoleAutoConfiguration - H2 console available at '/console_db/'. Database available at 'jdbc:h2:~/db_test'
[INFO ] 15-07-2024 05:18:51 [main] org.hibernate.jpa.internal.util.LogHelper - HHH000204: Processing PersistenceUnitInfo [name: default]
[INFO ] 15-07-2024 05:18:52 [main] org.hibernate.Version - HHH000412: Hibernate ORM core version 5.6.15.Final
[INFO ] 15-07-2024 05:18:52 [main] org.hibernate.annotations.common.Version - HCANN000001: Hibernate Commons Annotations {5.1.2.Final}
[INFO ] 15-07-2024 05:18:53 [main] org.hibernate.dialect.Dialect - HHH000400: Using dialect: org.hibernate.dialect.H2Dialect
[INFO ] 15-07-2024 05:18:57 [main] o.h.e.t.jta.platform.internal.JtaPlatformInitiator - HHH000490: Using JtaPlatform implementation: [org.hibernate.engine.transaction.jta.platform.internal.NoJtaPlatform]
[INFO ] 15-07-2024 05:18:57 [main] o.s.orm.jpa.LocalContainerEntityManagerFactoryBean - Initialized JPA EntityManagerFactory for persistence unit 'default'
[WARN ] 15-07-2024 05:19:06 [main] o.s.b.a.o.j.JpaBaseConfiguration$JpaWebConfiguration - spring.jpa.open-in-view is enabled by default. Therefore, database queries may be performed during view rendering. Explicitly configure spring.jpa.open-in-view to disable this warning
[INFO ] 15-07-2024 05:19:06 [main] o.s.security.web.DefaultSecurityFilterChain - Will secure any request with [org.springframework.security.web.session.DisableEncodeUrlFilter@23fb943e, org.springframework.security.web.context.request.async.WebAsyncManagerIntegrationFilter@27a14f7e, org.springframework.security.web.context.SecurityContextPersistenceFilter@7e4257e3, org.springframework.security.web.header.HeaderWriterFilter@643ee419, org.springframework.web.filter.CorsFilter@926d264, ru.security.AuthenticationFilter@301db982, org.springframework.security.web.savedrequest.RequestCacheAwareFilter@621508de, org.springframework.security.web.servletapi.SecurityContextHolderAwareRequestFilter@404c8c9d, org.springframework.security.web.authentication.AnonymousAuthenticationFilter@4f3891db, org.springframework.security.web.session.SessionManagementFilter@7947bf34, org.springframework.security.web.access.ExceptionTranslationFilter@4b3abc1, org.springframework.security.web.access.intercept.FilterSecurityInterceptor@1b53e1ae]
[WARN ] 15-07-2024 05:19:07 [main] org.springframework.security.core.userdetails.User - User.withDefaultPasswordEncoder() is considered unsafe for production and is only intended for sample applications.
[INFO ] 15-07-2024 05:19:08 [main] o.s.boot.web.embedded.tomcat.TomcatWebServer - Tomcat started on port(s): 8080 (http) with context path ''
[INFO ] 15-07-2024 05:19:08 [main] ru.Main - Started Main in 27.264 seconds (JVM running for 29.343)
[INFO ] 15-07-2024 05:21:04 [main] ru.Main - Starting Main using Java 21.0.3 on DESKTOP-BIBSRKQ with PID 7968 (D:\Desk\Rep\DiplomBaka\DipvLom\project\server\build\classes\java\main started by DonJun in D:\Desk\Rep\DiplomBaka\DipvLom\project\server)
[DEBUG] 15-07-2024 05:21:04 [main] ru.Main - Running with Spring Boot v2.7.15, Spring v5.3.29
[INFO ] 15-07-2024 05:21:04 [main] ru.Main - No active profile set, falling back to 1 default profile: "default"
[INFO ] 15-07-2024 05:21:07 [main] o.s.d.r.config.RepositoryConfigurationDelegate - Bootstrapping Spring Data JPA repositories in DEFAULT mode.
[INFO ] 15-07-2024 05:21:07 [main] o.s.d.r.config.RepositoryConfigurationDelegate - Finished Spring Data repository scanning in 348 ms. Found 13 JPA repository interfaces.
[INFO ] 15-07-2024 05:21:10 [main] o.s.boot.web.embedded.tomcat.TomcatWebServer - Tomcat initialized with port(s): 8080 (http)
[INFO ] 15-07-2024 05:21:11 [main] o.s.b.w.s.c.ServletWebServerApplicationContext - Root WebApplicationContext: initialization completed in 6212 ms
[INFO ] 15-07-2024 05:21:12 [main] o.s.b.autoconfigure.h2.H2ConsoleAutoConfiguration - H2 console available at '/console_db/'. Database available at 'jdbc:h2:~/db_test'
[INFO ] 15-07-2024 05:21:12 [main] org.hibernate.jpa.internal.util.LogHelper - HHH000204: Processing PersistenceUnitInfo [name: default]
[INFO ] 15-07-2024 05:21:13 [main] org.hibernate.Version - HHH000412: Hibernate ORM core version 5.6.15.Final
[INFO ] 15-07-2024 05:21:13 [main] org.hibernate.annotations.common.Version - HCANN000001: Hibernate Commons Annotations {5.1.2.Final}
[INFO ] 15-07-2024 05:21:14 [main] org.hibernate.dialect.Dialect - HHH000400: Using dialect: org.hibernate.dialect.H2Dialect
[INFO ] 15-07-2024 05:21:17 [main] o.h.e.t.jta.platform.internal.JtaPlatformInitiator - HHH000490: Using JtaPlatform implementation: [org.hibernate.engine.transaction.jta.platform.internal.NoJtaPlatform]
[INFO ] 15-07-2024 05:21:18 [main] o.s.orm.jpa.LocalContainerEntityManagerFactoryBean - Initialized JPA EntityManagerFactory for persistence unit 'default'
[WARN ] 15-07-2024 05:21:27 [main] o.s.b.a.o.j.JpaBaseConfiguration$JpaWebConfiguration - spring.jpa.open-in-view is enabled by default. Therefore, database queries may be performed during view rendering. Explicitly configure spring.jpa.open-in-view to disable this warning
[INFO ] 15-07-2024 05:21:27 [main] o.s.security.web.DefaultSecurityFilterChain - Will secure any request with [org.springframework.security.web.session.DisableEncodeUrlFilter@3f993305, org.springframework.security.web.context.request.async.WebAsyncManagerIntegrationFilter@223973a9, org.springframework.security.web.context.SecurityContextPersistenceFilter@7ef7f6d5, org.springframework.security.web.header.HeaderWriterFilter@38f57609, org.springframework.web.filter.CorsFilter@5c430208, ru.security.AuthenticationFilter@7fd03b0a, org.springframework.security.web.savedrequest.RequestCacheAwareFilter@5cf69333, org.springframework.security.web.servletapi.SecurityContextHolderAwareRequestFilter@79611f57, org.springframework.security.web.authentication.AnonymousAuthenticationFilter@9a72eee, org.springframework.security.web.session.SessionManagementFilter@7bfb9224, org.springframework.security.web.access.ExceptionTranslationFilter@c444506, org.springframework.security.web.access.intercept.FilterSecurityInterceptor@5fa842b5]
[WARN ] 15-07-2024 05:21:27 [main] org.springframework.security.core.userdetails.User - User.withDefaultPasswordEncoder() is considered unsafe for production and is only intended for sample applications.
[INFO ] 15-07-2024 05:21:29 [main] o.s.boot.web.embedded.tomcat.TomcatWebServer - Tomcat started on port(s): 8080 (http) with context path ''
[INFO ] 15-07-2024 05:21:29 [main] ru.Main - Started Main in 26.932 seconds (JVM running for 28.977)
[INFO ] 15-07-2024 06:18:07 [main] ru.Main - Starting Main using Java 21.0.3 on DESKTOP-BIBSRKQ with PID 224 (D:\Desk\Rep\DiplomBaka\DipvLom\project\server\build\classes\java\main started by DonJun in D:\Desk\Rep\DiplomBaka\DipvLom\project\server)
[DEBUG] 15-07-2024 06:18:07 [main] ru.Main - Running with Spring Boot v2.7.15, Spring v5.3.29
[INFO ] 15-07-2024 06:18:07 [main] ru.Main - No active profile set, falling back to 1 default profile: "default"
[INFO ] 15-07-2024 06:18:10 [main] o.s.d.r.config.RepositoryConfigurationDelegate - Bootstrapping Spring Data JPA repositories in DEFAULT mode.
[INFO ] 15-07-2024 06:18:10 [main] o.s.d.r.config.RepositoryConfigurationDelegate - Finished Spring Data repository scanning in 388 ms. Found 13 JPA repository interfaces.
[INFO ] 15-07-2024 06:18:13 [main] o.s.boot.web.embedded.tomcat.TomcatWebServer - Tomcat initialized with port(s): 8080 (http)
[INFO ] 15-07-2024 06:18:14 [main] o.s.b.w.s.c.ServletWebServerApplicationContext - Root WebApplicationContext: initialization completed in 6757 ms
[INFO ] 15-07-2024 06:18:15 [main] o.s.b.autoconfigure.h2.H2ConsoleAutoConfiguration - H2 console available at '/console_db/'. Database available at 'jdbc:h2:~/db_test'
[INFO ] 15-07-2024 06:18:16 [main] org.hibernate.jpa.internal.util.LogHelper - HHH000204: Processing PersistenceUnitInfo [name: default]
[INFO ] 15-07-2024 06:18:16 [main] org.hibernate.Version - HHH000412: Hibernate ORM core version 5.6.15.Final
[INFO ] 15-07-2024 06:18:17 [main] org.hibernate.annotations.common.Version - HCANN000001: Hibernate Commons Annotations {5.1.2.Final}
[INFO ] 15-07-2024 06:18:17 [main] org.hibernate.dialect.Dialect - HHH000400: Using dialect: org.hibernate.dialect.H2Dialect
[INFO ] 15-07-2024 06:18:21 [main] o.h.e.t.jta.platform.internal.JtaPlatformInitiator - HHH000490: Using JtaPlatform implementation: [org.hibernate.engine.transaction.jta.platform.internal.NoJtaPlatform]
[INFO ] 15-07-2024 06:18:21 [main] o.s.orm.jpa.LocalContainerEntityManagerFactoryBean - Initialized JPA EntityManagerFactory for persistence unit 'default'
[WARN ] 15-07-2024 06:18:32 [main] o.s.b.a.o.j.JpaBaseConfiguration$JpaWebConfiguration - spring.jpa.open-in-view is enabled by default. Therefore, database queries may be performed during view rendering. Explicitly configure spring.jpa.open-in-view to disable this warning
[INFO ] 15-07-2024 06:18:32 [main] o.s.security.web.DefaultSecurityFilterChain - Will secure any request with [org.springframework.security.web.session.DisableEncodeUrlFilter@1e4b197f, org.springframework.security.web.context.request.async.WebAsyncManagerIntegrationFilter@5fcb223, org.springframework.security.web.context.SecurityContextPersistenceFilter@2cf5cc43, org.springframework.security.web.header.HeaderWriterFilter@548c7eab, org.springframework.web.filter.CorsFilter@35353b68, ru.security.AuthenticationFilter@5728d44a, org.springframework.security.web.savedrequest.RequestCacheAwareFilter@25d77b18, org.springframework.security.web.servletapi.SecurityContextHolderAwareRequestFilter@17e7df9e, org.springframework.security.web.authentication.AnonymousAuthenticationFilter@11eeaf31, org.springframework.security.web.session.SessionManagementFilter@66f18fa, org.springframework.security.web.access.ExceptionTranslationFilter@31d07dd9, org.springframework.security.web.access.intercept.FilterSecurityInterceptor@5fc88c91]
[WARN ] 15-07-2024 06:18:32 [main] org.springframework.security.core.userdetails.User - User.withDefaultPasswordEncoder() is considered unsafe for production and is only intended for sample applications.
[INFO ] 15-07-2024 06:18:33 [main] o.s.boot.web.embedded.tomcat.TomcatWebServer - Tomcat started on port(s): 8080 (http) with context path ''
[INFO ] 15-07-2024 06:18:34 [main] ru.Main - Started Main in 29.615 seconds (JVM running for 31.84)
[INFO ] 15-07-2024 06:19:56 [main] ru.Main - Starting Main using Java 21.0.3 on DESKTOP-BIBSRKQ with PID 4676 (D:\Desk\Rep\DiplomBaka\DipvLom\project\server\build\classes\java\main started by DonJun in D:\Desk\Rep\DiplomBaka\DipvLom\project\server)
[DEBUG] 15-07-2024 06:19:56 [main] ru.Main - Running with Spring Boot v2.7.15, Spring v5.3.29
[INFO ] 15-07-2024 06:19:56 [main] ru.Main - No active profile set, falling back to 1 default profile: "default"
[INFO ] 15-07-2024 06:19:59 [main] o.s.d.r.config.RepositoryConfigurationDelegate - Bootstrapping Spring Data JPA repositories in DEFAULT mode.
[INFO ] 15-07-2024 06:19:59 [main] o.s.d.r.config.RepositoryConfigurationDelegate - Finished Spring Data repository scanning in 387 ms. Found 13 JPA repository interfaces.
[INFO ] 15-07-2024 06:20:02 [main] o.s.boot.web.embedded.tomcat.TomcatWebServer - Tomcat initialized with port(s): 8080 (http)
[INFO ] 15-07-2024 06:20:03 [main] o.s.b.w.s.c.ServletWebServerApplicationContext - Root WebApplicationContext: initialization completed in 6888 ms
[INFO ] 15-07-2024 06:20:04 [main] o.s.b.autoconfigure.h2.H2ConsoleAutoConfiguration - H2 console available at '/console_db/'. Database available at 'jdbc:h2:~/db_test'
[INFO ] 15-07-2024 06:20:05 [main] org.hibernate.jpa.internal.util.LogHelper - HHH000204: Processing PersistenceUnitInfo [name: default]
[INFO ] 15-07-2024 06:20:05 [main] org.hibernate.Version - HHH000412: Hibernate ORM core version 5.6.15.Final
[INFO ] 15-07-2024 06:20:06 [main] org.hibernate.annotations.common.Version - HCANN000001: Hibernate Commons Annotations {5.1.2.Final}
[INFO ] 15-07-2024 06:20:06 [main] org.hibernate.dialect.Dialect - HHH000400: Using dialect: org.hibernate.dialect.H2Dialect
[INFO ] 15-07-2024 06:20:10 [main] o.h.e.t.jta.platform.internal.JtaPlatformInitiator - HHH000490: Using JtaPlatform implementation: [org.hibernate.engine.transaction.jta.platform.internal.NoJtaPlatform]
[INFO ] 15-07-2024 06:20:10 [main] o.s.orm.jpa.LocalContainerEntityManagerFactoryBean - Initialized JPA EntityManagerFactory for persistence unit 'default'
[WARN ] 15-07-2024 06:20:21 [main] o.s.b.a.o.j.JpaBaseConfiguration$JpaWebConfiguration - spring.jpa.open-in-view is enabled by default. Therefore, database queries may be performed during view rendering. Explicitly configure spring.jpa.open-in-view to disable this warning
[INFO ] 15-07-2024 06:20:22 [main] o.s.security.web.DefaultSecurityFilterChain - Will secure any request with [org.springframework.security.web.session.DisableEncodeUrlFilter@7055f907, org.springframework.security.web.context.request.async.WebAsyncManagerIntegrationFilter@4124e201, org.springframework.security.web.context.SecurityContextPersistenceFilter@48f7dbe0, org.springframework.security.web.header.HeaderWriterFilter@647afb93, org.springframework.web.filter.CorsFilter@19a3bfb5, ru.security.AuthenticationFilter@4d7f34dd, org.springframework.security.web.savedrequest.RequestCacheAwareFilter@c6b679d, org.springframework.security.web.servletapi.SecurityContextHolderAwareRequestFilter@38a2118b, org.springframework.security.web.authentication.AnonymousAuthenticationFilter@12bd61b4, org.springframework.security.web.session.SessionManagementFilter@4ad3f3d, org.springframework.security.web.access.ExceptionTranslationFilter@47742aae, org.springframework.security.web.access.intercept.FilterSecurityInterceptor@612a0d49]
[WARN ] 15-07-2024 06:20:22 [main] org.springframework.security.core.userdetails.User - User.withDefaultPasswordEncoder() is considered unsafe for production and is only intended for sample applications.
[INFO ] 15-07-2024 06:20:23 [main] o.s.boot.web.embedded.tomcat.TomcatWebServer - Tomcat started on port(s): 8080 (http) with context path ''
[INFO ] 15-07-2024 06:20:23 [main] ru.Main - Started Main in 30.309 seconds (JVM running for 32.426)
[INFO ] 15-07-2024 06:26:26 [main] ru.Main - Starting Main using Java 21.0.3 on DESKTOP-BIBSRKQ with PID 6064 (D:\Desk\Rep\DiplomBaka\DipvLom\project\server\build\classes\java\main started by DonJun in D:\Desk\Rep\DiplomBaka\DipvLom\project\server)
[DEBUG] 15-07-2024 06:26:26 [main] ru.Main - Running with Spring Boot v2.7.15, Spring v5.3.29
[INFO ] 15-07-2024 06:26:26 [main] ru.Main - No active profile set, falling back to 1 default profile: "default"
[INFO ] 15-07-2024 06:26:30 [main] o.s.d.r.config.RepositoryConfigurationDelegate - Bootstrapping Spring Data JPA repositories in DEFAULT mode.
[INFO ] 15-07-2024 06:26:30 [main] o.s.d.r.config.RepositoryConfigurationDelegate - Finished Spring Data repository scanning in 426 ms. Found 13 JPA repository interfaces.
[INFO ] 15-07-2024 06:26:34 [main] o.s.boot.web.embedded.tomcat.TomcatWebServer - Tomcat initialized with port(s): 8080 (http)
[INFO ] 15-07-2024 06:26:34 [main] o.s.b.w.s.c.ServletWebServerApplicationContext - Root WebApplicationContext: initialization completed in 8154 ms
[INFO ] 15-07-2024 06:26:36 [main] o.s.b.autoconfigure.h2.H2ConsoleAutoConfiguration - H2 console available at '/console_db/'. Database available at 'jdbc:h2:~/db_test'
[INFO ] 15-07-2024 06:26:37 [main] org.hibernate.jpa.internal.util.LogHelper - HHH000204: Processing PersistenceUnitInfo [name: default]
[INFO ] 15-07-2024 06:26:37 [main] org.hibernate.Version - HHH000412: Hibernate ORM core version 5.6.15.Final
[INFO ] 15-07-2024 06:26:38 [main] org.hibernate.annotations.common.Version - HCANN000001: Hibernate Commons Annotations {5.1.2.Final}
[INFO ] 15-07-2024 06:26:38 [main] org.hibernate.dialect.Dialect - HHH000400: Using dialect: org.hibernate.dialect.H2Dialect
[INFO ] 15-07-2024 06:26:43 [main] o.h.e.t.jta.platform.internal.JtaPlatformInitiator - HHH000490: Using JtaPlatform implementation: [org.hibernate.engine.transaction.jta.platform.internal.NoJtaPlatform]
[INFO ] 15-07-2024 06:26:43 [main] o.s.orm.jpa.LocalContainerEntityManagerFactoryBean - Initialized JPA EntityManagerFactory for persistence unit 'default'
[WARN ] 15-07-2024 06:26:54 [main] o.s.b.a.o.j.JpaBaseConfiguration$JpaWebConfiguration - spring.jpa.open-in-view is enabled by default. Therefore, database queries may be performed during view rendering. Explicitly configure spring.jpa.open-in-view to disable this warning
[INFO ] 15-07-2024 06:26:55 [main] o.s.security.web.DefaultSecurityFilterChain - Will secure any request with [org.springframework.security.web.session.DisableEncodeUrlFilter@223f8c82, org.springframework.security.web.context.request.async.WebAsyncManagerIntegrationFilter@33d95295, org.springframework.security.web.context.SecurityContextPersistenceFilter@12445241, org.springframework.security.web.header.HeaderWriterFilter@e8574dd, org.springframework.web.filter.CorsFilter@5e1fd72a, ru.security.AuthenticationFilter@6c173587, org.springframework.security.web.savedrequest.RequestCacheAwareFilter@50fc62e0, org.springframework.security.web.servletapi.SecurityContextHolderAwareRequestFilter@5b82e090, org.springframework.security.web.authentication.AnonymousAuthenticationFilter@3212ff1b, org.springframework.security.web.session.SessionManagementFilter@2ab632d, org.springframework.security.web.access.ExceptionTranslationFilter@17958999, org.springframework.security.web.access.intercept.FilterSecurityInterceptor@57d8d5ed]
[WARN ] 15-07-2024 06:26:55 [main] org.springframework.security.core.userdetails.User - User.withDefaultPasswordEncoder() is considered unsafe for production and is only intended for sample applications.
[INFO ] 15-07-2024 06:26:56 [main] o.s.boot.web.embedded.tomcat.TomcatWebServer - Tomcat started on port(s): 8080 (http) with context path ''
[INFO ] 15-07-2024 06:26:56 [main] ru.Main - Started Main in 33.35 seconds (JVM running for 36.172)
[INFO ] 15-07-2024 06:46:49 [main] ru.Main - Starting Main using Java 21.0.3 on DESKTOP-BIBSRKQ with PID 4004 (D:\Desk\Rep\DiplomBaka\DipvLom\project\server\build\classes\java\main started by DonJun in D:\Desk\Rep\DiplomBaka\DipvLom\project\server)
[DEBUG] 15-07-2024 06:46:49 [main] ru.Main - Running with Spring Boot v2.7.15, Spring v5.3.29
[INFO ] 15-07-2024 06:46:49 [main] ru.Main - No active profile set, falling back to 1 default profile: "default"
[INFO ] 15-07-2024 06:46:53 [main] o.s.d.r.config.RepositoryConfigurationDelegate - Bootstrapping Spring Data JPA repositories in DEFAULT mode.
[INFO ] 15-07-2024 06:46:54 [main] o.s.d.r.config.RepositoryConfigurationDelegate - Finished Spring Data repository scanning in 534 ms. Found 13 JPA repository interfaces.
[INFO ] 15-07-2024 06:46:58 [main] o.s.boot.web.embedded.tomcat.TomcatWebServer - Tomcat initialized with port(s): 8080 (http)
[INFO ] 15-07-2024 06:46:59 [main] o.s.b.w.s.c.ServletWebServerApplicationContext - Root WebApplicationContext: initialization completed in 9594 ms
[INFO ] 15-07-2024 06:47:01 [main] o.s.b.autoconfigure.h2.H2ConsoleAutoConfiguration - H2 console available at '/console_db/'. Database available at 'jdbc:h2:~/db_test'
[INFO ] 15-07-2024 06:47:02 [main] org.hibernate.jpa.internal.util.LogHelper - HHH000204: Processing PersistenceUnitInfo [name: default]
[INFO ] 15-07-2024 06:47:02 [main] org.hibernate.Version - HHH000412: Hibernate ORM core version 5.6.15.Final
[INFO ] 15-07-2024 06:47:03 [main] org.hibernate.annotations.common.Version - HCANN000001: Hibernate Commons Annotations {5.1.2.Final}
[INFO ] 15-07-2024 06:47:04 [main] org.hibernate.dialect.Dialect - HHH000400: Using dialect: org.hibernate.dialect.H2Dialect
[INFO ] 15-07-2024 06:47:09 [main] o.h.e.t.jta.platform.internal.JtaPlatformInitiator - HHH000490: Using JtaPlatform implementation: [org.hibernate.engine.transaction.jta.platform.internal.NoJtaPlatform]
[INFO ] 15-07-2024 06:47:09 [main] o.s.orm.jpa.LocalContainerEntityManagerFactoryBean - Initialized JPA EntityManagerFactory for persistence unit 'default'
[WARN ] 15-07-2024 06:47:27 [main] o.s.b.a.o.j.JpaBaseConfiguration$JpaWebConfiguration - spring.jpa.open-in-view is enabled by default. Therefore, database queries may be performed during view rendering. Explicitly configure spring.jpa.open-in-view to disable this warning
[INFO ] 15-07-2024 06:47:28 [main] o.s.security.web.DefaultSecurityFilterChain - Will secure any request with [org.springframework.security.web.session.DisableEncodeUrlFilter@6f8a516c, org.springframework.security.web.context.request.async.WebAsyncManagerIntegrationFilter@11e7d01, org.springframework.security.web.context.SecurityContextPersistenceFilter@6e76c502, org.springframework.security.web.header.HeaderWriterFilter@67d9abfb, org.springframework.web.filter.CorsFilter@a9c51ea, ru.security.AuthenticationFilter@11fbbc08, org.springframework.security.web.savedrequest.RequestCacheAwareFilter@6de6baf6, org.springframework.security.web.servletapi.SecurityContextHolderAwareRequestFilter@135a2de7, org.springframework.security.web.authentication.AnonymousAuthenticationFilter@2cc78e6a, org.springframework.security.web.session.SessionManagementFilter@41ee3c99, org.springframework.security.web.access.ExceptionTranslationFilter@5c98b98, org.springframework.security.web.access.intercept.FilterSecurityInterceptor@69e0e347]
[WARN ] 15-07-2024 06:47:28 [main] org.springframework.security.core.userdetails.User - User.withDefaultPasswordEncoder() is considered unsafe for production and is only intended for sample applications.
[INFO ] 15-07-2024 06:47:29 [main] o.s.boot.web.embedded.tomcat.TomcatWebServer - Tomcat started on port(s): 8080 (http) with context path ''
[INFO ] 15-07-2024 06:47:29 [main] ru.Main - Started Main in 43.635 seconds (JVM running for 46.016)
[INFO ] 15-07-2024 06:50:12 [main] ru.Main - Starting Main using Java 21.0.3 on DESKTOP-BIBSRKQ with PID 7364 (D:\Desk\Rep\DiplomBaka\DipvLom\project\server\build\classes\java\main started by DonJun in D:\Desk\Rep\DiplomBaka\DipvLom\project\server)
[DEBUG] 15-07-2024 06:50:12 [main] ru.Main - Running with Spring Boot v2.7.15, Spring v5.3.29
[INFO ] 15-07-2024 06:50:12 [main] ru.Main - No active profile set, falling back to 1 default profile: "default"
[INFO ] 15-07-2024 06:50:17 [main] o.s.d.r.config.RepositoryConfigurationDelegate - Bootstrapping Spring Data JPA repositories in DEFAULT mode.
[INFO ] 15-07-2024 06:50:17 [main] o.s.d.r.config.RepositoryConfigurationDelegate - Finished Spring Data repository scanning in 556 ms. Found 13 JPA repository interfaces.
[INFO ] 15-07-2024 06:50:21 [main] o.s.boot.web.embedded.tomcat.TomcatWebServer - Tomcat initialized with port(s): 8080 (http)
[INFO ] 15-07-2024 06:50:22 [main] o.s.b.w.s.c.ServletWebServerApplicationContext - Root WebApplicationContext: initialization completed in 9370 ms
[INFO ] 15-07-2024 06:50:24 [main] o.s.b.autoconfigure.h2.H2ConsoleAutoConfiguration - H2 console available at '/console_db/'. Database available at 'jdbc:h2:~/db_test'
[INFO ] 15-07-2024 06:50:24 [main] org.hibernate.jpa.internal.util.LogHelper - HHH000204: Processing PersistenceUnitInfo [name: default]
[INFO ] 15-07-2024 06:50:25 [main] org.hibernate.Version - HHH000412: Hibernate ORM core version 5.6.15.Final
[INFO ] 15-07-2024 06:50:25 [main] org.hibernate.annotations.common.Version - HCANN000001: Hibernate Commons Annotations {5.1.2.Final}
[INFO ] 15-07-2024 06:50:26 [main] org.hibernate.dialect.Dialect - HHH000400: Using dialect: org.hibernate.dialect.H2Dialect
[INFO ] 15-07-2024 06:50:30 [main] o.h.e.t.jta.platform.internal.JtaPlatformInitiator - HHH000490: Using JtaPlatform implementation: [org.hibernate.engine.transaction.jta.platform.internal.NoJtaPlatform]
[INFO ] 15-07-2024 06:50:30 [main] o.s.orm.jpa.LocalContainerEntityManagerFactoryBean - Initialized JPA EntityManagerFactory for persistence unit 'default'
[WARN ] 15-07-2024 06:50:45 [main] o.s.b.a.o.j.JpaBaseConfiguration$JpaWebConfiguration - spring.jpa.open-in-view is enabled by default. Therefore, database queries may be performed during view rendering. Explicitly configure spring.jpa.open-in-view to disable this warning
[INFO ] 15-07-2024 06:50:46 [main] o.s.security.web.DefaultSecurityFilterChain - Will secure any request with [org.springframework.security.web.session.DisableEncodeUrlFilter@59b7e853, org.springframework.security.web.context.request.async.WebAsyncManagerIntegrationFilter@5b30b332, org.springframework.security.web.context.SecurityContextPersistenceFilter@4cfd3ccd, org.springframework.security.web.header.HeaderWriterFilter@259fe541, org.springframework.web.filter.CorsFilter@711df813, ru.security.AuthenticationFilter@447a3df7, org.springframework.security.web.savedrequest.RequestCacheAwareFilter@34c73992, org.springframework.security.web.servletapi.SecurityContextHolderAwareRequestFilter@322733e, org.springframework.security.web.authentication.AnonymousAuthenticationFilter@2269b05b, org.springframework.security.web.session.SessionManagementFilter@19dda8e, org.springframework.security.web.access.ExceptionTranslationFilter@7e8c7270, org.springframework.security.web.access.intercept.FilterSecurityInterceptor@682d4502]
[WARN ] 15-07-2024 06:50:46 [main] org.springframework.security.core.userdetails.User - User.withDefaultPasswordEncoder() is considered unsafe for production and is only intended for sample applications.
[INFO ] 15-07-2024 06:50:47 [main] o.s.boot.web.embedded.tomcat.TomcatWebServer - Tomcat started on port(s): 8080 (http) with context path ''
[INFO ] 15-07-2024 06:50:47 [main] ru.Main - Started Main in 37.709 seconds (JVM running for 39.944)
[INFO ] 15-07-2024 06:56:18 [main] ru.Main - Starting Main using Java 21.0.3 on DESKTOP-BIBSRKQ with PID 7096 (D:\Desk\Rep\DiplomBaka\DipvLom\project\server\build\classes\java\main started by DonJun in D:\Desk\Rep\DiplomBaka\DipvLom\project\server)
[DEBUG] 15-07-2024 06:56:18 [main] ru.Main - Running with Spring Boot v2.7.15, Spring v5.3.29
[INFO ] 15-07-2024 06:56:18 [main] ru.Main - No active profile set, falling back to 1 default profile: "default"
[INFO ] 15-07-2024 06:56:22 [main] o.s.d.r.config.RepositoryConfigurationDelegate - Bootstrapping Spring Data JPA repositories in DEFAULT mode.
[INFO ] 15-07-2024 06:56:23 [main] o.s.d.r.config.RepositoryConfigurationDelegate - Finished Spring Data repository scanning in 431 ms. Found 13 JPA repository interfaces.
[INFO ] 15-07-2024 06:56:26 [main] o.s.boot.web.embedded.tomcat.TomcatWebServer - Tomcat initialized with port(s): 8080 (http)
[INFO ] 15-07-2024 06:56:27 [main] o.s.b.w.s.c.ServletWebServerApplicationContext - Root WebApplicationContext: initialization completed in 8043 ms
[INFO ] 15-07-2024 06:56:28 [main] o.s.b.autoconfigure.h2.H2ConsoleAutoConfiguration - H2 console available at '/console_db/'. Database available at 'jdbc:h2:~/db_test'
[INFO ] 15-07-2024 06:56:29 [main] org.hibernate.jpa.internal.util.LogHelper - HHH000204: Processing PersistenceUnitInfo [name: default]
[INFO ] 15-07-2024 06:56:29 [main] org.hibernate.Version - HHH000412: Hibernate ORM core version 5.6.15.Final
[INFO ] 15-07-2024 06:56:30 [main] org.hibernate.annotations.common.Version - HCANN000001: Hibernate Commons Annotations {5.1.2.Final}
[INFO ] 15-07-2024 06:56:31 [main] org.hibernate.dialect.Dialect - HHH000400: Using dialect: org.hibernate.dialect.H2Dialect
[INFO ] 15-07-2024 06:56:36 [main] o.h.e.t.jta.platform.internal.JtaPlatformInitiator - HHH000490: Using JtaPlatform implementation: [org.hibernate.engine.transaction.jta.platform.internal.NoJtaPlatform]
[INFO ] 15-07-2024 06:56:36 [main] o.s.orm.jpa.LocalContainerEntityManagerFactoryBean - Initialized JPA EntityManagerFactory for persistence unit 'default'
[WARN ] 15-07-2024 06:56:52 [main] o.s.b.a.o.j.JpaBaseConfiguration$JpaWebConfiguration - spring.jpa.open-in-view is enabled by default. Therefore, database queries may be performed during view rendering. Explicitly configure spring.jpa.open-in-view to disable this warning
[INFO ] 15-07-2024 06:56:53 [main] o.s.security.web.DefaultSecurityFilterChain - Will secure any request with [org.springframework.security.web.session.DisableEncodeUrlFilter@708c9f9e, org.springframework.security.web.context.request.async.WebAsyncManagerIntegrationFilter@6cf5cb11, org.springframework.security.web.context.SecurityContextPersistenceFilter@2622efb0, org.springframework.security.web.header.HeaderWriterFilter@68dc7f43, org.springframework.web.filter.CorsFilter@4b6e9c75, ru.security.AuthenticationFilter@7b5de23c, org.springframework.security.web.savedrequest.RequestCacheAwareFilter@7e798721, org.springframework.security.web.servletapi.SecurityContextHolderAwareRequestFilter@4b8f60fe, org.springframework.security.web.authentication.AnonymousAuthenticationFilter@6f39e2a6, org.springframework.security.web.session.SessionManagementFilter@156329de, org.springframework.security.web.access.ExceptionTranslationFilter@50bac431, org.springframework.security.web.access.intercept.FilterSecurityInterceptor@795cb721]
[WARN ] 15-07-2024 06:56:53 [main] org.springframework.security.core.userdetails.User - User.withDefaultPasswordEncoder() is considered unsafe for production and is only intended for sample applications.
[INFO ] 15-07-2024 06:56:54 [main] o.s.boot.web.embedded.tomcat.TomcatWebServer - Tomcat started on port(s): 8080 (http) with context path ''
[INFO ] 15-07-2024 06:56:54 [main] ru.Main - Started Main in 38.781 seconds (JVM running for 40.751)
[INFO ] 15-07-2024 07:01:38 [main] ru.Main - Starting Main using Java 21.0.3 on DESKTOP-BIBSRKQ with PID 832 (D:\Desk\Rep\DiplomBaka\DipvLom\project\server\build\classes\java\main started by DonJun in D:\Desk\Rep\DiplomBaka\DipvLom\project\server)
[DEBUG] 15-07-2024 07:01:38 [main] ru.Main - Running with Spring Boot v2.7.15, Spring v5.3.29
[INFO ] 15-07-2024 07:01:38 [main] ru.Main - No active profile set, falling back to 1 default profile: "default"
[INFO ] 15-07-2024 07:01:43 [main] o.s.d.r.config.RepositoryConfigurationDelegate - Bootstrapping Spring Data JPA repositories in DEFAULT mode.
[INFO ] 15-07-2024 07:01:43 [main] o.s.d.r.config.RepositoryConfigurationDelegate - Finished Spring Data repository scanning in 456 ms. Found 13 JPA repository interfaces.
[INFO ] 15-07-2024 07:01:47 [main] o.s.boot.web.embedded.tomcat.TomcatWebServer - Tomcat initialized with port(s): 8080 (http)
[INFO ] 15-07-2024 07:01:47 [main] o.s.b.w.s.c.ServletWebServerApplicationContext - Root WebApplicationContext: initialization completed in 8647 ms
[INFO ] 15-07-2024 07:01:49 [main] o.s.b.autoconfigure.h2.H2ConsoleAutoConfiguration - H2 console available at '/console_db/'. Database available at 'jdbc:h2:~/db_test'
[INFO ] 15-07-2024 07:01:50 [main] org.hibernate.jpa.internal.util.LogHelper - HHH000204: Processing PersistenceUnitInfo [name: default]
[INFO ] 15-07-2024 07:01:50 [main] org.hibernate.Version - HHH000412: Hibernate ORM core version 5.6.15.Final
[INFO ] 15-07-2024 07:01:51 [main] org.hibernate.annotations.common.Version - HCANN000001: Hibernate Commons Annotations {5.1.2.Final}
[INFO ] 15-07-2024 07:01:52 [main] org.hibernate.dialect.Dialect - HHH000400: Using dialect: org.hibernate.dialect.H2Dialect
[INFO ] 15-07-2024 07:01:56 [main] o.h.e.t.jta.platform.internal.JtaPlatformInitiator - HHH000490: Using JtaPlatform implementation: [org.hibernate.engine.transaction.jta.platform.internal.NoJtaPlatform]
[INFO ] 15-07-2024 07:01:56 [main] o.s.orm.jpa.LocalContainerEntityManagerFactoryBean - Initialized JPA EntityManagerFactory for persistence unit 'default'
[WARN ] 15-07-2024 07:02:11 [main] o.s.b.a.o.j.JpaBaseConfiguration$JpaWebConfiguration - spring.jpa.open-in-view is enabled by default. Therefore, database queries may be performed during view rendering. Explicitly configure spring.jpa.open-in-view to disable this warning
[INFO ] 15-07-2024 07:02:12 [main] o.s.security.web.DefaultSecurityFilterChain - Will secure any request with [org.springframework.security.web.session.DisableEncodeUrlFilter@7e09407a, org.springframework.security.web.context.request.async.WebAsyncManagerIntegrationFilter@61dc0ff0, org.springframework.security.web.context.SecurityContextPersistenceFilter@33293dac, org.springframework.security.web.header.HeaderWriterFilter@1ebbb581, org.springframework.web.filter.CorsFilter@11fcf35, ru.security.AuthenticationFilter@421b4cf3, org.springframework.security.web.savedrequest.RequestCacheAwareFilter@571f925f, org.springframework.security.web.servletapi.SecurityContextHolderAwareRequestFilter@5eb192b7, org.springframework.security.web.authentication.AnonymousAuthenticationFilter@7625ce5a, org.springframework.security.web.session.SessionManagementFilter@756fd0aa, org.springframework.security.web.access.ExceptionTranslationFilter@60b65a4a, org.springframework.security.web.access.intercept.FilterSecurityInterceptor@5f580241]
[WARN ] 15-07-2024 07:02:12 [main] org.springframework.security.core.userdetails.User - User.withDefaultPasswordEncoder() is considered unsafe for production and is only intended for sample applications.
[INFO ] 15-07-2024 07:02:13 [main] o.s.boot.web.embedded.tomcat.TomcatWebServer - Tomcat started on port(s): 8080 (http) with context path ''
[INFO ] 15-07-2024 07:02:13 [main] ru.Main - Started Main in 37.624 seconds (JVM running for 39.709)
[INFO ] 15-07-2024 07:08:14 [main] ru.Main - Starting Main using Java 21.0.3 on DESKTOP-BIBSRKQ with PID 6512 (D:\Desk\Rep\DiplomBaka\DipvLom\project\server\build\classes\java\main started by DonJun in D:\Desk\Rep\DiplomBaka\DipvLom\project\server)
[DEBUG] 15-07-2024 07:08:14 [main] ru.Main - Running with Spring Boot v2.7.15, Spring v5.3.29
[INFO ] 15-07-2024 07:08:14 [main] ru.Main - No active profile set, falling back to 1 default profile: "default"
[INFO ] 15-07-2024 07:08:19 [main] o.s.d.r.config.RepositoryConfigurationDelegate - Bootstrapping Spring Data JPA repositories in DEFAULT mode.
[INFO ] 15-07-2024 07:08:19 [main] o.s.d.r.config.RepositoryConfigurationDelegate - Finished Spring Data repository scanning in 558 ms. Found 13 JPA repository interfaces.
[INFO ] 15-07-2024 07:08:23 [main] o.s.boot.web.embedded.tomcat.TomcatWebServer - Tomcat initialized with port(s): 8080 (http)
[INFO ] 15-07-2024 07:08:24 [main] o.s.b.w.s.c.ServletWebServerApplicationContext - Root WebApplicationContext: initialization completed in 9139 ms
[INFO ] 15-07-2024 07:08:25 [main] o.s.b.autoconfigure.h2.H2ConsoleAutoConfiguration - H2 console available at '/console_db/'. Database available at 'jdbc:h2:~/db_test'
[INFO ] 15-07-2024 07:08:26 [main] org.hibernate.jpa.internal.util.LogHelper - HHH000204: Processing PersistenceUnitInfo [name: default]
[INFO ] 15-07-2024 07:08:27 [main] org.hibernate.Version - HHH000412: Hibernate ORM core version 5.6.15.Final
[INFO ] 15-07-2024 07:08:28 [main] org.hibernate.annotations.common.Version - HCANN000001: Hibernate Commons Annotations {5.1.2.Final}
[INFO ] 15-07-2024 07:08:28 [main] org.hibernate.dialect.Dialect - HHH000400: Using dialect: org.hibernate.dialect.H2Dialect
[INFO ] 15-07-2024 07:08:33 [main] o.h.e.t.jta.platform.internal.JtaPlatformInitiator - HHH000490: Using JtaPlatform implementation: [org.hibernate.engine.transaction.jta.platform.internal.NoJtaPlatform]
[INFO ] 15-07-2024 07:08:33 [main] o.s.orm.jpa.LocalContainerEntityManagerFactoryBean - Initialized JPA EntityManagerFactory for persistence unit 'default'
[WARN ] 15-07-2024 07:08:46 [main] o.s.b.a.o.j.JpaBaseConfiguration$JpaWebConfiguration - spring.jpa.open-in-view is enabled by default. Therefore, database queries may be performed during view rendering. Explicitly configure spring.jpa.open-in-view to disable this warning
[INFO ] 15-07-2024 07:08:47 [main] o.s.security.web.DefaultSecurityFilterChain - Will secure any request with [org.springframework.security.web.session.DisableEncodeUrlFilter@250cb65a, org.springframework.security.web.context.request.async.WebAsyncManagerIntegrationFilter@54eda0bb, org.springframework.security.web.context.SecurityContextPersistenceFilter@41cf885f, org.springframework.security.web.header.HeaderWriterFilter@44eee485, org.springframework.web.filter.CorsFilter@41ad5874, ru.security.AuthenticationFilter@3bf66f94, org.springframework.security.web.savedrequest.RequestCacheAwareFilter@24037ea, org.springframework.security.web.servletapi.SecurityContextHolderAwareRequestFilter@d424f08, org.springframework.security.web.authentication.AnonymousAuthenticationFilter@7b88b0d6, org.springframework.security.web.session.SessionManagementFilter@2d8ef86b, org.springframework.security.web.access.ExceptionTranslationFilter@7f277cf6, org.springframework.security.web.access.intercept.FilterSecurityInterceptor@6fd53298]
[WARN ] 15-07-2024 07:08:47 [main] org.springframework.security.core.userdetails.User - User.withDefaultPasswordEncoder() is considered unsafe for production and is only intended for sample applications.
[INFO ] 15-07-2024 07:08:48 [main] o.s.boot.web.embedded.tomcat.TomcatWebServer - Tomcat started on port(s): 8080 (http) with context path ''
[INFO ] 15-07-2024 07:08:48 [main] ru.Main - Started Main in 37.349 seconds (JVM running for 39.54)
[INFO ] 15-07-2024 07:22:02 [main] ru.Main - Starting Main using Java 21.0.3 on DESKTOP-BIBSRKQ with PID 3888 (D:\Desk\Rep\DiplomBaka\DipvLom\project\server\build\classes\java\main started by DonJun in D:\Desk\Rep\DiplomBaka\DipvLom\project\server)
[DEBUG] 15-07-2024 07:22:02 [main] ru.Main - Running with Spring Boot v2.7.15, Spring v5.3.29
[INFO ] 15-07-2024 07:22:02 [main] ru.Main - No active profile set, falling back to 1 default profile: "default"
[INFO ] 15-07-2024 07:22:06 [main] o.s.d.r.config.RepositoryConfigurationDelegate - Bootstrapping Spring Data JPA repositories in DEFAULT mode.
[INFO ] 15-07-2024 07:22:06 [main] o.s.d.r.config.RepositoryConfigurationDelegate - Finished Spring Data repository scanning in 478 ms. Found 13 JPA repository interfaces.
[INFO ] 15-07-2024 07:22:10 [main] o.s.boot.web.embedded.tomcat.TomcatWebServer - Tomcat initialized with port(s): 8080 (http)
[INFO ] 15-07-2024 07:22:10 [main] o.s.b.w.s.c.ServletWebServerApplicationContext - Root WebApplicationContext: initialization completed in 8534 ms
[INFO ] 15-07-2024 07:22:12 [main] o.s.b.autoconfigure.h2.H2ConsoleAutoConfiguration - H2 console available at '/console_db/'. Database available at 'jdbc:h2:~/db_test'
[INFO ] 15-07-2024 07:22:13 [main] org.hibernate.jpa.internal.util.LogHelper - HHH000204: Processing PersistenceUnitInfo [name: default]
[INFO ] 15-07-2024 07:22:13 [main] org.hibernate.Version - HHH000412: Hibernate ORM core version 5.6.15.Final
[INFO ] 15-07-2024 07:22:14 [main] org.hibernate.annotations.common.Version - HCANN000001: Hibernate Commons Annotations {5.1.2.Final}
[INFO ] 15-07-2024 07:22:14 [main] org.hibernate.dialect.Dialect - HHH000400: Using dialect: org.hibernate.dialect.H2Dialect
[INFO ] 15-07-2024 07:22:19 [main] o.h.e.t.jta.platform.internal.JtaPlatformInitiator - HHH000490: Using JtaPlatform implementation: [org.hibernate.engine.transaction.jta.platform.internal.NoJtaPlatform]
[INFO ] 15-07-2024 07:22:19 [main] o.s.orm.jpa.LocalContainerEntityManagerFactoryBean - Initialized JPA EntityManagerFactory for persistence unit 'default'
[WARN ] 15-07-2024 07:22:35 [main] o.s.b.a.o.j.JpaBaseConfiguration$JpaWebConfiguration - spring.jpa.open-in-view is enabled by default. Therefore, database queries may be performed during view rendering. Explicitly configure spring.jpa.open-in-view to disable this warning
[INFO ] 15-07-2024 07:22:35 [main] o.s.security.web.DefaultSecurityFilterChain - Will secure any request with [org.springframework.security.web.session.DisableEncodeUrlFilter@20677bc2, org.springframework.security.web.context.request.async.WebAsyncManagerIntegrationFilter@e888636, org.springframework.security.web.context.SecurityContextPersistenceFilter@620978eb, org.springframework.security.web.header.HeaderWriterFilter@500a6c2f, org.springframework.web.filter.CorsFilter@608e34bf, ru.security.AuthenticationFilter@3a4af228, org.springframework.security.web.savedrequest.RequestCacheAwareFilter@7738b226, org.springframework.security.web.servletapi.SecurityContextHolderAwareRequestFilter@15cf663c, org.springframework.security.web.authentication.AnonymousAuthenticationFilter@21e827c8, org.springframework.security.web.session.SessionManagementFilter@242270ae, org.springframework.security.web.access.ExceptionTranslationFilter@7c89133, org.springframework.security.web.access.intercept.FilterSecurityInterceptor@170738c0]
[WARN ] 15-07-2024 07:22:35 [main] org.springframework.security.core.userdetails.User - User.withDefaultPasswordEncoder() is considered unsafe for production and is only intended for sample applications.
[INFO ] 15-07-2024 07:22:36 [main] o.s.boot.web.embedded.tomcat.TomcatWebServer - Tomcat started on port(s): 8080 (http) with context path ''
[INFO ] 15-07-2024 07:22:36 [main] ru.Main - Started Main in 38.039 seconds (JVM running for 40.314)
[INFO ] 15-07-2024 08:01:56 [Test worker]  o.s.t.c.support.DefaultTestContextBootstrapper - Neither @ContextConfiguration nor @ContextHierarchy found for test class [ru.controllers.TestControllerTest], using DelegatingSmartContextLoader
[INFO ] 15-07-2024 08:01:56 [Test worker]  o.s.test.context.support.AbstractContextLoader - Could not detect default resource locations for test class [ru.controllers.TestControllerTest]: no resource found for suffixes {-context.xml}.
[INFO ] 15-07-2024 08:01:56 [Test worker]  o.s.t.c.support.AnnotationConfigContextLoaderUtils - Could not detect default configuration classes for test class [ru.controllers.TestControllerTest]: TestControllerTest does not declare any static, non-private, non-final, nested classes annotated with @Configuration.
[INFO ] 15-07-2024 08:01:56 [Test worker]  o.s.t.c.support.DefaultTestContextBootstrapper - Loaded default TestExecutionListener class names from location [META-INF/spring.factories]: [org.springframework.security.test.context.support.WithSecurityContextTestExecutionListener, org.springframework.security.test.context.support.ReactorContextTestExecutionListener, org.springframework.boot.test.autoconfigure.restdocs.RestDocsTestExecutionListener, org.springframework.boot.test.autoconfigure.web.client.MockRestServiceServerResetTestExecutionListener, org.springframework.boot.test.autoconfigure.web.servlet.MockMvcPrintOnlyOnFailureTestExecutionListener, org.springframework.boot.test.autoconfigure.web.servlet.WebDriverTestExecutionListener, org.springframework.boot.test.autoconfigure.webservices.client.MockWebServiceServerTestExecutionListener, org.springframework.boot.test.mock.mockito.MockitoTestExecutionListener, org.springframework.boot.test.mock.mockito.ResetMocksTestExecutionListener, org.springframework.test.context.web.ServletTestExecutionListener, org.springframework.test.context.support.DirtiesContextBeforeModesTestExecutionListener, org.springframework.test.context.event.ApplicationEventsTestExecutionListener, org.springframework.test.context.support.DependencyInjectionTestExecutionListener, org.springframework.test.context.support.DirtiesContextTestExecutionListener, org.springframework.test.context.transaction.TransactionalTestExecutionListener, org.springframework.test.context.jdbc.SqlScriptsTestExecutionListener, org.springframework.test.context.event.EventPublishingTestExecutionListener]
[INFO ] 15-07-2024 08:01:56 [Test worker]  o.s.t.c.support.DefaultTestContextBootstrapper - Using TestExecutionListeners: [org.springframework.test.context.web.ServletTestExecutionListener@7a7471ce, org.springframework.test.context.support.DirtiesContextBeforeModesTestExecutionListener@28276e50, org.springframework.test.context.event.ApplicationEventsTestExecutionListener@62e70ea3, org.springframework.boot.test.mock.mockito.MockitoTestExecutionListener@3efe7086, org.springframework.test.context.support.DependencyInjectionTestExecutionListener@675d8c96, org.springframework.test.context.support.DirtiesContextTestExecutionListener@741b3bc3, org.springframework.test.context.transaction.TransactionalTestExecutionListener@2ed3b1f5, org.springframework.test.context.jdbc.SqlScriptsTestExecutionListener@63648ee9, org.springframework.security.test.context.support.WithSecurityContextTestExecutionListener@68d6972f, org.springframework.test.context.event.EventPublishingTestExecutionListener@45be7cd5, org.springframework.security.test.context.support.ReactorContextTestExecutionListener@7651218e, org.springframework.boot.test.autoconfigure.restdocs.RestDocsTestExecutionListener@3185fa6b, org.springframework.boot.test.autoconfigure.web.client.MockRestServiceServerResetTestExecutionListener@6d366c9b, org.springframework.boot.test.autoconfigure.web.servlet.MockMvcPrintOnlyOnFailureTestExecutionListener@5b58ed3c, org.springframework.boot.test.autoconfigure.web.servlet.WebDriverTestExecutionListener@24faea88, org.springframework.boot.test.autoconfigure.webservices.client.MockWebServiceServerTestExecutionListener@3a320ade, org.springframework.boot.test.mock.mockito.ResetMocksTestExecutionListener@64beebb7]
